Using pre-set license
Built from '2020.3/staging' branch; Version is '2020.3.10f1 (297d780c91bc) revision 2719096'; Using compiler version '192528614'; Build Type 'Release'
OS: 'Windows 10 Home; OS build 19042.1237; Version 2009; 64bit' Language: 'en' Physical Memory: 15776 MB
BatchMode: 1, IsHumanControllingUs: 0, StartBugReporterOnCrash: 0, Is64bit: 1, IsPro: 0

 COMMAND LINE ARGUMENTS:
C:\Program Files\Unity\Hub\Editor\2020.3.10f1\Editor\Unity.exe
-adb2
-batchMode
-noUpm
-name
AssetImportWorker0
-projectPath
C:/Users/Jackson Westbrook/ActualLastRepo
-logFile
Logs/AssetImportWorker0.log
-srvPort
62983
Successfully changed project path to: C:/Users/Jackson Westbrook/ActualLastRepo
C:/Users/Jackson Westbrook/ActualLastRepo
Using Asset Import Pipeline V2.
Refreshing native plugins compatible for Editor in 21.70 ms, found 2 plugins.
Preloading 0 native plugins for Editor in 0.00 ms.
Initialize engine version: 2020.3.10f1 (297d780c91bc)
[Subsystems] Discovering subsystems at path C:/Program Files/Unity/Hub/Editor/2020.3.10f1/Editor/Data/Resources/UnitySubsystems
[Subsystems] Discovering subsystems at path C:/Users/Jackson Westbrook/ActualLastRepo/Assets
GfxDevice: creating device client; threaded=0
Direct3D:
    Version:  Direct3D 11.0 [level 11.1]
    Renderer: NVIDIA GeForce RTX 3060 Laptop GPU (ID=0x2520)
    Vendor:   
    VRAM:     6023 MB
    Driver:   30.0.14.7212
Initialize mono
Mono path[0] = 'C:/Program Files/Unity/Hub/Editor/2020.3.10f1/Editor/Data/Managed'
Mono path[1] = 'C:/Program Files/Unity/Hub/Editor/2020.3.10f1/Editor/Data/MonoBleedingEdge/lib/mono/unityjit'
Mono config path = 'C:/Program Files/Unity/Hub/Editor/2020.3.10f1/Editor/Data/MonoBleedingEdge/etc'
Using monoOptions --debugger-agent=transport=dt_socket,embedding=1,server=y,suspend=n,address=127.0.0.1:56256
Begin MonoManager ReloadAssembly
Registering precompiled unity dll's ...
Register platform support module: C:/Program Files/Unity/Hub/Editor/2020.3.10f1/Editor/Data/PlaybackEngines/WebGLSupport/UnityEditor.WebGL.Extensions.dll
Register platform support module: C:/Program Files/Unity/Hub/Editor/2020.3.10f1/Editor/Data/PlaybackEngines/MacStandaloneSupport/UnityEditor.OSXStandalone.Extensions.dll
Register platform support module: C:/Program Files/Unity/Hub/Editor/2020.3.10f1/Editor/Data/PlaybackEngines/WindowsStandaloneSupport/UnityEditor.WindowsStandalone.Extensions.dll
Registered in 0.002321 seconds.
Native extension for WindowsStandalone target not found
Native extension for OSXStandalone target not found
Native extension for WebGL target not found
Refreshing native plugins compatible for Editor in 20.64 ms, found 2 plugins.
Preloading 0 native plugins for Editor in 0.00 ms.
Mono: successfully reloaded assembly
- Completed reload, in  0.882 seconds
Platform modules already initialized, skipping
Registering precompiled user dll's ...
Registered in 0.003083 seconds.
Begin MonoManager ReloadAssembly
Native extension for WindowsStandalone target not found
Native extension for OSXStandalone target not found
Native extension for WebGL target not found
Refreshing native plugins compatible for Editor in 0.33 ms, found 2 plugins.
Preloading 0 native plugins for Editor in 0.00 ms.
Mono: successfully reloaded assembly
- Completed reload, in  0.732 seconds
Platform modules already initialized, skipping
========================================================================
Worker process is ready to serve import requests
Launched and connected shader compiler UnityShaderCompiler.exe after 0.04 seconds
Refreshing native plugins compatible for Editor in 0.29 ms, found 2 plugins.
Preloading 0 native plugins for Editor in 0.00 ms.
Unloading 1399 Unused Serialized files (Serialized files now loaded: 0)
System memory in use before: 65.0 MB.
System memory in use after: 65.1 MB.

Unloading 19 unused Assets to reduce memory usage. Loaded Objects now: 1832.
Total: 1.776200 ms (FindLiveObjects: 0.186400 ms CreateObjectMapping: 0.029800 ms MarkObjects: 1.488500 ms  DeleteObjects: 0.070400 ms)

========================================================================
Received Import Request.
  path: Assets/NewDoorMa.mat
  artifactKey: Guid(7dc62ffc3ef8a6d44b6124d5794f18fe) Importer(815301076,1909f56bfc062723c751e8b465ee728b)
Start importing Assets/NewDoorMa.mat using Guid(7dc62ffc3ef8a6d44b6124d5794f18fe) Importer(815301076,1909f56bfc062723c751e8b465ee728b)  -> (artifact id: '33164fcacb8d231834d341e22539da2a') in 0.085647 seconds
  Import took 0.087670 seconds .

========================================================================
Received Import Request.
  Time since last request: 3.703493 seconds.
  path: Assets/NewDoorMat.mat
  artifactKey: Guid(7dc62ffc3ef8a6d44b6124d5794f18fe) Importer(815301076,1909f56bfc062723c751e8b465ee728b)
Start importing Assets/NewDoorMat.mat using Guid(7dc62ffc3ef8a6d44b6124d5794f18fe) Importer(815301076,1909f56bfc062723c751e8b465ee728b)  -> (artifact id: '083719f4bb66694b97277da7a47ef201') in 0.015008 seconds
  Import took 0.017352 seconds .

========================================================================
Received Import Request.
  Time since last request: 23.160847 seconds.
  path: Assets/KeyMat.mat
  artifactKey: Guid(e40020a1ebb46be46bdbc46178394110) Importer(815301076,1909f56bfc062723c751e8b465ee728b)
Start importing Assets/KeyMat.mat using Guid(e40020a1ebb46be46bdbc46178394110) Importer(815301076,1909f56bfc062723c751e8b465ee728b)  -> (artifact id: 'feebe441263688b066a8467516120306') in 0.009985 seconds
  Import took 0.012339 seconds .

========================================================================
Received Import Request.
  Time since last request: 82.757476 seconds.
  path: ProjectSettings/TagManager.asset
  artifactKey: Guid(00000000000000003000000000000000) Importer(815301076,1909f56bfc062723c751e8b465ee728b)
Start importing ProjectSettings/TagManager.asset using Guid(00000000000000003000000000000000) Importer(815301076,1909f56bfc062723c751e8b465ee728b)  -> (artifact id: '1ff7a0282c259c4d5b51e60e80c44878') in 0.010355 seconds
  Import took 0.012870 seconds .

========================================================================
Received Import Request.
  Time since last request: 14.943552 seconds.
  path: Assets/KeyScript.cs
  artifactKey: Guid(b5b5d19202414bd4ea0e6ad1f8fa456c) Importer(815301076,1909f56bfc062723c751e8b465ee728b)
Start importing Assets/KeyScript.cs using Guid(b5b5d19202414bd4ea0e6ad1f8fa456c) Importer(815301076,1909f56bfc062723c751e8b465ee728b)  -> (artifact id: '8c577959b25827d5c4ada588287cf6e3') in 0.013236 seconds
  Import took 0.015744 seconds .

========================================================================
Received Import Request.
  Time since last request: 0.015037 seconds.
  path: Assets/KeyScript.cs
  artifactKey: Guid(b5b5d19202414bd4ea0e6ad1f8fa456c) Importer(815301076,1909f56bfc062723c751e8b465ee728b)
Start importing Assets/KeyScript.cs using Guid(b5b5d19202414bd4ea0e6ad1f8fa456c) Importer(815301076,1909f56bfc062723c751e8b465ee728b)  -> (artifact id: '8c577959b25827d5c4ada588287cf6e3') in 0.002229 seconds
  Import took 0.004781 seconds .

========================================================================
Received Import Request.
  Time since last request: 45.711453 seconds.
  path: Assets/KeyScript.cs
  artifactKey: Guid(b5b5d19202414bd4ea0e6ad1f8fa456c) Importer(815301076,1909f56bfc062723c751e8b465ee728b)
Start importing Assets/KeyScript.cs using Guid(b5b5d19202414bd4ea0e6ad1f8fa456c) Importer(815301076,1909f56bfc062723c751e8b465ee728b)  -> (artifact id: 'a26927cde052d84b7b08a4fb6b4eb8ea') in 0.002556 seconds
  Import took 0.005339 seconds .

========================================================================
Received Prepare
Registering precompiled user dll's ...
Registered in 0.002885 seconds.
Begin MonoManager ReloadAssembly
Native extension for WindowsStandalone target not found
Native extension for OSXStandalone target not found
Native extension for WebGL target not found
Refreshing native plugins compatible for Editor in 0.31 ms, found 2 plugins.
Preloading 0 native plugins for Editor in 0.00 ms.
Mono: successfully reloaded assembly
- Completed reload, in  0.683 seconds
Platform modules already initialized, skipping
Refreshing native plugins compatible for Editor in 0.44 ms, found 2 plugins.
Preloading 0 native plugins for Editor in 0.00 ms.
Unloading 1394 Unused Serialized files (Serialized files now loaded: 0)
System memory in use before: 68.3 MB.
System memory in use after: 68.4 MB.

Unloading 15 unused Assets to reduce memory usage. Loaded Objects now: 1875.
Total: 1.751000 ms (FindLiveObjects: 0.135000 ms CreateObjectMapping: 0.029100 ms MarkObjects: 1.538700 ms  DeleteObjects: 0.047400 ms)

========================================================================
Received Import Request.
  Time since last request: 263.006811 seconds.
  path: Assets/PlayerFollow.cs
  artifactKey: Guid(bb4c677b883c19f43af57fa6904e9f66) Importer(815301076,1909f56bfc062723c751e8b465ee728b)
Start importing Assets/PlayerFollow.cs using Guid(bb4c677b883c19f43af57fa6904e9f66) Importer(815301076,1909f56bfc062723c751e8b465ee728b)  -> (artifact id: '96b9ba60902c351920e3c3c8cc7ab247') in 0.008821 seconds
  Import took 0.011352 seconds .

========================================================================
Received Prepare
Registering precompiled user dll's ...
Registered in 0.003075 seconds.
Begin MonoManager ReloadAssembly
Native extension for WindowsStandalone target not found
Native extension for OSXStandalone target not found
Native extension for WebGL target not found
Refreshing native plugins compatible for Editor in 0.46 ms, found 2 plugins.
Preloading 0 native plugins for Editor in 0.00 ms.
Mono: successfully reloaded assembly
- Completed reload, in  0.699 seconds
Platform modules already initialized, skipping
Refreshing native plugins compatible for Editor in 0.31 ms, found 2 plugins.
Preloading 0 native plugins for Editor in 0.00 ms.
Unloading 1395 Unused Serialized files (Serialized files now loaded: 0)
System memory in use before: 68.3 MB.
System memory in use after: 68.4 MB.

Unloading 14 unused Assets to reduce memory usage. Loaded Objects now: 1879.
Total: 1.801800 ms (FindLiveObjects: 0.148000 ms CreateObjectMapping: 0.030300 ms MarkObjects: 1.571100 ms  DeleteObjects: 0.051600 ms)

========================================================================
Received Prepare
Registering precompiled user dll's ...
Registered in 0.002930 seconds.
Begin MonoManager ReloadAssembly
Native extension for WindowsStandalone target not found
Native extension for OSXStandalone target not found
Native extension for WebGL target not found
Refreshing native plugins compatible for Editor in 0.32 ms, found 2 plugins.
Preloading 0 native plugins for Editor in 0.00 ms.
Mono: successfully reloaded assembly
- Completed reload, in  0.693 seconds
Platform modules already initialized, skipping
Refreshing native plugins compatible for Editor in 0.30 ms, found 2 plugins.
Preloading 0 native plugins for Editor in 0.00 ms.
Unloading 1395 Unused Serialized files (Serialized files now loaded: 0)
System memory in use before: 68.3 MB.
System memory in use after: 68.4 MB.

Unloading 14 unused Assets to reduce memory usage. Loaded Objects now: 1882.
Total: 1.685200 ms (FindLiveObjects: 0.139000 ms CreateObjectMapping: 0.033000 ms MarkObjects: 1.465300 ms  DeleteObjects: 0.046800 ms)

========================================================================
Received Import Request.
  Time since last request: 209.346583 seconds.
  path: Assets/PlayerFollow.cs
  artifactKey: Guid(bb4c677b883c19f43af57fa6904e9f66) Importer(815301076,1909f56bfc062723c751e8b465ee728b)
Start importing Assets/PlayerFollow.cs using Guid(bb4c677b883c19f43af57fa6904e9f66) Importer(815301076,1909f56bfc062723c751e8b465ee728b)  -> (artifact id: '11ffb72621e58eb107c66f15a767c7fc') in 0.006093 seconds
  Import took 0.009934 seconds .

========================================================================
Received Prepare
Registering precompiled user dll's ...
Registered in 0.004418 seconds.
Begin MonoManager ReloadAssembly
Native extension for WindowsStandalone target not found
Native extension for OSXStandalone target not found
Native extension for WebGL target not found
Refreshing native plugins compatible for Editor in 0.36 ms, found 2 plugins.
Preloading 0 native plugins for Editor in 0.00 ms.
Mono: successfully reloaded assembly
- Completed reload, in  0.898 seconds
Platform modules already initialized, skipping
Refreshing native plugins compatible for Editor in 0.36 ms, found 2 plugins.
Preloading 0 native plugins for Editor in 0.00 ms.
Unloading 1395 Unused Serialized files (Serialized files now loaded: 0)
System memory in use before: 68.4 MB.
System memory in use after: 68.4 MB.

Unloading 14 unused Assets to reduce memory usage. Loaded Objects now: 1885.
Total: 2.391600 ms (FindLiveObjects: 0.211200 ms CreateObjectMapping: 0.037300 ms MarkObjects: 2.074900 ms  DeleteObjects: 0.066500 ms)

========================================================================
Received Import Request.
  Time since last request: 41.153208 seconds.
  path: Assets/KeyScript.cs
  artifactKey: Guid(b5b5d19202414bd4ea0e6ad1f8fa456c) Importer(815301076,1909f56bfc062723c751e8b465ee728b)
Start importing Assets/KeyScript.cs using Guid(b5b5d19202414bd4ea0e6ad1f8fa456c) Importer(815301076,1909f56bfc062723c751e8b465ee728b)  -> (artifact id: '2e4801f788ff1a98760811dafb58dbbe') in 0.010953 seconds
  Import took 0.013942 seconds .

========================================================================
Received Prepare
Registering precompiled user dll's ...
Registered in 0.003145 seconds.
Begin MonoManager ReloadAssembly
Native extension for WindowsStandalone target not found
Native extension for OSXStandalone target not found
Native extension for WebGL target not found
Refreshing native plugins compatible for Editor in 0.33 ms, found 2 plugins.
Preloading 0 native plugins for Editor in 0.00 ms.
Mono: successfully reloaded assembly
- Completed reload, in  0.687 seconds
Platform modules already initialized, skipping
Refreshing native plugins compatible for Editor in 0.33 ms, found 2 plugins.
Preloading 0 native plugins for Editor in 0.00 ms.
Unloading 1395 Unused Serialized files (Serialized files now loaded: 0)
System memory in use before: 68.4 MB.
System memory in use after: 68.5 MB.

Unloading 14 unused Assets to reduce memory usage. Loaded Objects now: 1888.
Total: 1.834100 ms (FindLiveObjects: 0.180100 ms CreateObjectMapping: 0.029800 ms MarkObjects: 1.561500 ms  DeleteObjects: 0.061300 ms)

========================================================================
Received Import Request.
  Time since last request: 38.820550 seconds.
  path: Assets/PublicVar.cs
  artifactKey: Guid(d8ed5209c7ec30d479fd4a06dd8f40bc) Importer(815301076,1909f56bfc062723c751e8b465ee728b)
Start importing Assets/PublicVar.cs using Guid(d8ed5209c7ec30d479fd4a06dd8f40bc) Importer(815301076,1909f56bfc062723c751e8b465ee728b)  -> (artifact id: '8d521b59b3612b67f2c05178d60ca619') in 0.008555 seconds
  Import took 0.011053 seconds .

========================================================================
Received Prepare
Registering precompiled user dll's ...
Registered in 0.003718 seconds.
Begin MonoManager ReloadAssembly
Native extension for WindowsStandalone target not found
Native extension for OSXStandalone target not found
Native extension for WebGL target not found
Refreshing native plugins compatible for Editor in 0.39 ms, found 2 plugins.
Preloading 0 native plugins for Editor in 0.00 ms.
Mono: successfully reloaded assembly
- Completed reload, in  0.920 seconds
Platform modules already initialized, skipping
Refreshing native plugins compatible for Editor in 0.35 ms, found 2 plugins.
Preloading 0 native plugins for Editor in 0.00 ms.
Unloading 1395 Unused Serialized files (Serialized files now loaded: 0)
System memory in use before: 68.4 MB.
System memory in use after: 68.5 MB.

Unloading 14 unused Assets to reduce memory usage. Loaded Objects now: 1891.
Total: 2.153400 ms (FindLiveObjects: 0.235300 ms CreateObjectMapping: 0.044700 ms MarkObjects: 1.816100 ms  DeleteObjects: 0.056100 ms)

========================================================================
Received Prepare
Registering precompiled user dll's ...
Registered in 0.002982 seconds.
Begin MonoManager ReloadAssembly
Native extension for WindowsStandalone target not found
Native extension for OSXStandalone target not found
Native extension for WebGL target not found
Refreshing native plugins compatible for Editor in 0.34 ms, found 2 plugins.
Preloading 0 native plugins for Editor in 0.00 ms.
Mono: successfully reloaded assembly
- Completed reload, in  0.731 seconds
Platform modules already initialized, skipping
Refreshing native plugins compatible for Editor in 0.31 ms, found 2 plugins.
Preloading 0 native plugins for Editor in 0.00 ms.
Unloading 1395 Unused Serialized files (Serialized files now loaded: 0)
System memory in use before: 68.4 MB.
System memory in use after: 68.5 MB.

Unloading 14 unused Assets to reduce memory usage. Loaded Objects now: 1894.
Total: 1.754300 ms (FindLiveObjects: 0.150600 ms CreateObjectMapping: 0.028100 ms MarkObjects: 1.513500 ms  DeleteObjects: 0.061000 ms)

========================================================================
Received Prepare
Registering precompiled user dll's ...
Registered in 0.003727 seconds.
Begin MonoManager ReloadAssembly
Native extension for WindowsStandalone target not found
Native extension for OSXStandalone target not found
Native extension for WebGL target not found
Refreshing native plugins compatible for Editor in 0.36 ms, found 2 plugins.
Preloading 0 native plugins for Editor in 0.00 ms.
Mono: successfully reloaded assembly
- Completed reload, in  0.919 seconds
Platform modules already initialized, skipping
Refreshing native plugins compatible for Editor in 0.38 ms, found 2 plugins.
Preloading 0 native plugins for Editor in 0.00 ms.
Unloading 1395 Unused Serialized files (Serialized files now loaded: 0)
System memory in use before: 68.4 MB.
System memory in use after: 68.5 MB.

Unloading 14 unused Assets to reduce memory usage. Loaded Objects now: 1897.
Total: 2.129300 ms (FindLiveObjects: 0.197800 ms CreateObjectMapping: 0.038200 ms MarkObjects: 1.833500 ms  DeleteObjects: 0.058600 ms)

========================================================================
Received Prepare
Registering precompiled user dll's ...
Registered in 0.003030 seconds.
Begin MonoManager ReloadAssembly
Native extension for WindowsStandalone target not found
Native extension for OSXStandalone target not found
Native extension for WebGL target not found
Refreshing native plugins compatible for Editor in 0.33 ms, found 2 plugins.
Preloading 0 native plugins for Editor in 0.00 ms.
Mono: successfully reloaded assembly
- Completed reload, in  0.676 seconds
Platform modules already initialized, skipping
Refreshing native plugins compatible for Editor in 0.30 ms, found 2 plugins.
Preloading 0 native plugins for Editor in 0.00 ms.
Unloading 1395 Unused Serialized files (Serialized files now loaded: 0)
System memory in use before: 68.4 MB.
System memory in use after: 68.5 MB.

Unloading 14 unused Assets to reduce memory usage. Loaded Objects now: 1900.
Total: 1.917800 ms (FindLiveObjects: 0.180600 ms CreateObjectMapping: 0.030900 ms MarkObjects: 1.656500 ms  DeleteObjects: 0.048900 ms)

========================================================================
Received Prepare
Registering precompiled user dll's ...
Registered in 0.002917 seconds.
Begin MonoManager ReloadAssembly
Native extension for WindowsStandalone target not found
Native extension for OSXStandalone target not found
Native extension for WebGL target not found
Refreshing native plugins compatible for Editor in 0.32 ms, found 2 plugins.
Preloading 0 native plugins for Editor in 0.00 ms.
Mono: successfully reloaded assembly
- Completed reload, in  0.726 seconds
Platform modules already initialized, skipping
Refreshing native plugins compatible for Editor in 0.30 ms, found 2 plugins.
Preloading 0 native plugins for Editor in 0.00 ms.
Unloading 1395 Unused Serialized files (Serialized files now loaded: 0)
System memory in use before: 68.4 MB.
System memory in use after: 68.5 MB.

Unloading 14 unused Assets to reduce memory usage. Loaded Objects now: 1903.
Total: 1.855000 ms (FindLiveObjects: 0.151500 ms CreateObjectMapping: 0.034900 ms MarkObjects: 1.614800 ms  DeleteObjects: 0.052800 ms)

========================================================================
Received Prepare
Registering precompiled user dll's ...
Registered in 0.004730 seconds.
Begin MonoManager ReloadAssembly
Native extension for WindowsStandalone target not found
Native extension for OSXStandalone target not found
Native extension for WebGL target not found
Refreshing native plugins compatible for Editor in 0.34 ms, found 2 plugins.
Preloading 0 native plugins for Editor in 0.00 ms.
Mono: successfully reloaded assembly
- Completed reload, in  0.697 seconds
Platform modules already initialized, skipping
Refreshing native plugins compatible for Editor in 0.33 ms, found 2 plugins.
Preloading 0 native plugins for Editor in 0.00 ms.
Unloading 1395 Unused Serialized files (Serialized files now loaded: 0)
System memory in use before: 68.4 MB.
System memory in use after: 68.5 MB.

Unloading 14 unused Assets to reduce memory usage. Loaded Objects now: 1906.
Total: 1.823800 ms (FindLiveObjects: 0.155700 ms CreateObjectMapping: 0.028600 ms MarkObjects: 1.583300 ms  DeleteObjects: 0.055000 ms)

========================================================================
Received Prepare
Registering precompiled user dll's ...
Registered in 0.002877 seconds.
Begin MonoManager ReloadAssembly
Native extension for WindowsStandalone target not found
Native extension for OSXStandalone target not found
Native extension for WebGL target not found
Refreshing native plugins compatible for Editor in 0.37 ms, found 2 plugins.
Preloading 0 native plugins for Editor in 0.00 ms.
Mono: successfully reloaded assembly
- Completed reload, in  0.701 seconds
Platform modules already initialized, skipping
Refreshing native plugins compatible for Editor in 0.32 ms, found 2 plugins.
Preloading 0 native plugins for Editor in 0.00 ms.
Unloading 1395 Unused Serialized files (Serialized files now loaded: 0)
System memory in use before: 68.4 MB.
System memory in use after: 68.5 MB.

Unloading 14 unused Assets to reduce memory usage. Loaded Objects now: 1909.
Total: 1.956500 ms (FindLiveObjects: 0.147700 ms CreateObjectMapping: 0.034500 ms MarkObjects: 1.718900 ms  DeleteObjects: 0.054500 ms)

========================================================================
Received Prepare
Registering precompiled user dll's ...
Registered in 0.002911 seconds.
Begin MonoManager ReloadAssembly
Native extension for WindowsStandalone target not found
Native extension for OSXStandalone target not found
Native extension for WebGL target not found
Refreshing native plugins compatible for Editor in 0.31 ms, found 2 plugins.
Preloading 0 native plugins for Editor in 0.00 ms.
Mono: successfully reloaded assembly
- Completed reload, in  0.700 seconds
Platform modules already initialized, skipping
Refreshing native plugins compatible for Editor in 0.35 ms, found 2 plugins.
Preloading 0 native plugins for Editor in 0.00 ms.
Unloading 1395 Unused Serialized files (Serialized files now loaded: 0)
System memory in use before: 68.4 MB.
System memory in use after: 68.5 MB.

Unloading 14 unused Assets to reduce memory usage. Loaded Objects now: 1912.
Total: 2.015700 ms (FindLiveObjects: 0.175000 ms CreateObjectMapping: 0.034300 ms MarkObjects: 1.752400 ms  DeleteObjects: 0.052700 ms)

========================================================================
Received Import Request.
  Time since last request: 540.397354 seconds.
  path: Assets/Materials/2021-08-23T115144Z_1639512487_RC2ZAP9LLN80_RTRMADP_3_RUSSIA-DEFENCE-PUTIN (1).mat
  artifactKey: Guid(3d74af6b030b73a489fafb41b87ce346) Importer(815301076,1909f56bfc062723c751e8b465ee728b)
Start importing Assets/Materials/2021-08-23T115144Z_1639512487_RC2ZAP9LLN80_RTRMADP_3_RUSSIA-DEFENCE-PUTIN (1).mat using Guid(3d74af6b030b73a489fafb41b87ce346) Importer(815301076,1909f56bfc062723c751e8b465ee728b)  -> (artifact id: '831e3270d3228b888a4da10680e2562d') in 0.059511 seconds
  Import took 0.062752 seconds .

========================================================================
Received Import Request.
  Time since last request: 0.000941 seconds.
  path: Assets/Materials/2021-08-23T115144Z_1639512487_RC2ZAP9LLN80_RTRMADP_3_RUSSIA-DEFENCE-PUTIN (1).mat
  artifactKey: Guid(3d74af6b030b73a489fafb41b87ce346) Importer(815301076,1909f56bfc062723c751e8b465ee728b)
Start importing Assets/Materials/2021-08-23T115144Z_1639512487_RC2ZAP9LLN80_RTRMADP_3_RUSSIA-DEFENCE-PUTIN (1).mat using Guid(3d74af6b030b73a489fafb41b87ce346) Importer(815301076,1909f56bfc062723c751e8b465ee728b)  -> (artifact id: '831e3270d3228b888a4da10680e2562d') in 0.018586 seconds
  Import took 0.021428 seconds .

========================================================================
Received Import Request.
  Time since last request: 201.723045 seconds.
  path: Assets/KeyScript.cs
  artifactKey: Guid(b5b5d19202414bd4ea0e6ad1f8fa456c) Importer(815301076,1909f56bfc062723c751e8b465ee728b)
Start importing Assets/KeyScript.cs using Guid(b5b5d19202414bd4ea0e6ad1f8fa456c) Importer(815301076,1909f56bfc062723c751e8b465ee728b)  -> (artifact id: '882e2e0fcca159e8469ce46b4e059933') in 0.002192 seconds
  Import took 0.004815 seconds .

========================================================================
Received Import Request.
  Time since last request: 0.001468 seconds.
  path: Assets/KeyScript.cs
  artifactKey: Guid(b5b5d19202414bd4ea0e6ad1f8fa456c) Importer(815301076,1909f56bfc062723c751e8b465ee728b)
Start importing Assets/KeyScript.cs using Guid(b5b5d19202414bd4ea0e6ad1f8fa456c) Importer(815301076,1909f56bfc062723c751e8b465ee728b)  -> (artifact id: '882e2e0fcca159e8469ce46b4e059933') in 0.001987 seconds
  Import took 0.004103 seconds .

========================================================================
Received Prepare
Registering precompiled user dll's ...
Registered in 0.003201 seconds.
Begin MonoManager ReloadAssembly
Native extension for WindowsStandalone target not found
Native extension for OSXStandalone target not found
Native extension for WebGL target not found
Refreshing native plugins compatible for Editor in 0.32 ms, found 2 plugins.
Preloading 0 native plugins for Editor in 0.00 ms.
Mono: successfully reloaded assembly
- Completed reload, in  0.705 seconds
Platform modules already initialized, skipping
Refreshing native plugins compatible for Editor in 0.39 ms, found 2 plugins.
Preloading 0 native plugins for Editor in 0.00 ms.
Unloading 1395 Unused Serialized files (Serialized files now loaded: 0)
System memory in use before: 68.4 MB.
System memory in use after: 68.5 MB.

Unloading 14 unused Assets to reduce memory usage. Loaded Objects now: 1916.
Total: 2.486400 ms (FindLiveObjects: 0.231800 ms CreateObjectMapping: 0.030700 ms MarkObjects: 2.146500 ms  DeleteObjects: 0.075800 ms)

========================================================================
Received Import Request.
  Time since last request: 44.860799 seconds.
  path: Assets/KeyScript.cs
  artifactKey: Guid(b5b5d19202414bd4ea0e6ad1f8fa456c) Importer(815301076,1909f56bfc062723c751e8b465ee728b)
Start importing Assets/KeyScript.cs using Guid(b5b5d19202414bd4ea0e6ad1f8fa456c) Importer(815301076,1909f56bfc062723c751e8b465ee728b)  -> (artifact id: 'eea09d897b9ecaa186f7e97f2eccc026') in 0.005112 seconds
  Import took 0.007789 seconds .

========================================================================
Received Prepare
Registering precompiled user dll's ...
Registered in 0.002930 seconds.
Begin MonoManager ReloadAssembly
Native extension for WindowsStandalone target not found
Native extension for OSXStandalone target not found
Native extension for WebGL target not found
Refreshing native plugins compatible for Editor in 0.31 ms, found 2 plugins.
Preloading 0 native plugins for Editor in 0.00 ms.
Mono: successfully reloaded assembly
- Completed reload, in  0.714 seconds
Platform modules already initialized, skipping
Refreshing native plugins compatible for Editor in 0.32 ms, found 2 plugins.
Preloading 0 native plugins for Editor in 0.00 ms.
Unloading 1395 Unused Serialized files (Serialized files now loaded: 0)
System memory in use before: 68.5 MB.
System memory in use after: 68.5 MB.

Unloading 14 unused Assets to reduce memory usage. Loaded Objects now: 1919.
Total: 2.053500 ms (FindLiveObjects: 0.174000 ms CreateObjectMapping: 0.048500 ms MarkObjects: 1.780400 ms  DeleteObjects: 0.049200 ms)

========================================================================
Received Prepare
Registering precompiled user dll's ...
Registered in 0.002965 seconds.
Begin MonoManager ReloadAssembly
Native extension for WindowsStandalone target not found
Native extension for OSXStandalone target not found
Native extension for WebGL target not found
Refreshing native plugins compatible for Editor in 0.32 ms, found 2 plugins.
Preloading 0 native plugins for Editor in 0.00 ms.
Mono: successfully reloaded assembly
- Completed reload, in  0.700 seconds
Platform modules already initialized, skipping
Refreshing native plugins compatible for Editor in 0.32 ms, found 2 plugins.
Preloading 0 native plugins for Editor in 0.00 ms.
Unloading 1395 Unused Serialized files (Serialized files now loaded: 0)
System memory in use before: 68.5 MB.
System memory in use after: 68.5 MB.

Unloading 14 unused Assets to reduce memory usage. Loaded Objects now: 1922.
Total: 2.653500 ms (FindLiveObjects: 0.166000 ms CreateObjectMapping: 0.051800 ms MarkObjects: 2.380700 ms  DeleteObjects: 0.053900 ms)

========================================================================
Received Prepare
Registering precompiled user dll's ...
Registered in 0.002930 seconds.
Begin MonoManager ReloadAssembly
Native extension for WindowsStandalone target not found
Native extension for OSXStandalone target not found
Native extension for WebGL target not found
Refreshing native plugins compatible for Editor in 0.31 ms, found 2 plugins.
Preloading 0 native plugins for Editor in 0.00 ms.
Mono: successfully reloaded assembly
- Completed reload, in  0.692 seconds
Platform modules already initialized, skipping
Refreshing native plugins compatible for Editor in 0.30 ms, found 2 plugins.
Preloading 0 native plugins for Editor in 0.00 ms.
Unloading 1395 Unused Serialized files (Serialized files now loaded: 0)
System memory in use before: 68.5 MB.
System memory in use after: 68.5 MB.

Unloading 14 unused Assets to reduce memory usage. Loaded Objects now: 1925.
Total: 1.874400 ms (FindLiveObjects: 0.160300 ms CreateObjectMapping: 0.034800 ms MarkObjects: 1.630400 ms  DeleteObjects: 0.047900 ms)

========================================================================
Received Prepare
Registering precompiled user dll's ...
Registered in 0.003060 seconds.
Begin MonoManager ReloadAssembly
Native extension for WindowsStandalone target not found
Native extension for OSXStandalone target not found
Native extension for WebGL target not found
Refreshing native plugins compatible for Editor in 0.33 ms, found 2 plugins.
Preloading 0 native plugins for Editor in 0.00 ms.
Mono: successfully reloaded assembly
- Completed reload, in  0.737 seconds
Platform modules already initialized, skipping
Refreshing native plugins compatible for Editor in 0.46 ms, found 2 plugins.
Preloading 0 native plugins for Editor in 0.00 ms.
Unloading 1395 Unused Serialized files (Serialized files now loaded: 0)
System memory in use before: 68.5 MB.
System memory in use after: 68.5 MB.

Unloading 14 unused Assets to reduce memory usage. Loaded Objects now: 1928.
Total: 2.033200 ms (FindLiveObjects: 0.205500 ms CreateObjectMapping: 0.037900 ms MarkObjects: 1.733400 ms  DeleteObjects: 0.055400 ms)

========================================================================
Received Prepare
Registering precompiled user dll's ...
Registered in 0.002851 seconds.
Begin MonoManager ReloadAssembly
Native extension for WindowsStandalone target not found
Native extension for OSXStandalone target not found
Native extension for WebGL target not found
Refreshing native plugins compatible for Editor in 0.31 ms, found 2 plugins.
Preloading 0 native plugins for Editor in 0.00 ms.
Mono: successfully reloaded assembly
- Completed reload, in  0.700 seconds
Platform modules already initialized, skipping
Refreshing native plugins compatible for Editor in 0.32 ms, found 2 plugins.
Preloading 0 native plugins for Editor in 0.00 ms.
Unloading 1395 Unused Serialized files (Serialized files now loaded: 0)
System memory in use before: 68.5 MB.
System memory in use after: 68.6 MB.

Unloading 14 unused Assets to reduce memory usage. Loaded Objects now: 1931.
Total: 1.866400 ms (FindLiveObjects: 0.157600 ms CreateObjectMapping: 0.034800 ms MarkObjects: 1.603300 ms  DeleteObjects: 0.069700 ms)

========================================================================
Received Import Request.
  Time since last request: 286.914774 seconds.
  path: Assets/Scenes
  artifactKey: Guid(29ab30339e89e9e45a635c251ec65b54) Importer(815301076,1909f56bfc062723c751e8b465ee728b)
Start importing Assets/Scenes using Guid(29ab30339e89e9e45a635c251ec65b54) Importer(815301076,1909f56bfc062723c751e8b465ee728b)  -> (artifact id: 'c402feef2921f6c89aaf4e72e4a32b39') in 0.008028 seconds
  Import took 0.011042 seconds .

========================================================================
Received Import Request.
  Time since last request: 0.014995 seconds.
  path: Assets/Scenes
  artifactKey: Guid(29ab30339e89e9e45a635c251ec65b54) Importer(815301076,1909f56bfc062723c751e8b465ee728b)
Start importing Assets/Scenes using Guid(29ab30339e89e9e45a635c251ec65b54) Importer(815301076,1909f56bfc062723c751e8b465ee728b)  -> (artifact id: 'c402feef2921f6c89aaf4e72e4a32b39') in 0.001836 seconds
  Import took 0.004022 seconds .

========================================================================
Received Import Request.
  Time since last request: 9.760839 seconds.
  path: Assets/Scenes/GameOver.unity
  artifactKey: Guid(1141e9f76fe3c014389f92762285fcc5) Importer(815301076,1909f56bfc062723c751e8b465ee728b)
Start importing Assets/Scenes/GameOver.unity using Guid(1141e9f76fe3c014389f92762285fcc5) Importer(815301076,1909f56bfc062723c751e8b465ee728b)  -> (artifact id: '6280ad031b4f27dc6c96f283355344ff') in 0.014750 seconds
  Import took 0.017418 seconds .

========================================================================
Received Import Request.
  Time since last request: 4.793726 seconds.
  path: Assets/Scenes/SampleScene.unity
  artifactKey: Guid(9fc0d4010bbf28b4594072e72b8655ab) Importer(815301076,1909f56bfc062723c751e8b465ee728b)
Start importing Assets/Scenes/SampleScene.unity using Guid(9fc0d4010bbf28b4594072e72b8655ab) Importer(815301076,1909f56bfc062723c751e8b465ee728b)  -> (artifact id: '85059f4f9e1a832ed95adaa0d25c5c4c') in 0.007266 seconds
  Import took 0.009838 seconds .

========================================================================
Received Import Request.
  Time since last request: 7.215616 seconds.
  path: Assets/Scenes/RussianPrison.unity
  artifactKey: Guid(9fc0d4010bbf28b4594072e72b8655ab) Importer(815301076,1909f56bfc062723c751e8b465ee728b)
Start importing Assets/Scenes/RussianPrison.unity using Guid(9fc0d4010bbf28b4594072e72b8655ab) Importer(815301076,1909f56bfc062723c751e8b465ee728b)  -> (artifact id: 'fb377af01dd5f4e49ffec31251bf424c') in 0.006789 seconds
  Import took 0.009654 seconds .

========================================================================
Received Prepare
Registering precompiled user dll's ...
Registered in 0.003558 seconds.
Begin MonoManager ReloadAssembly
Native extension for WindowsStandalone target not found
Native extension for OSXStandalone target not found
Native extension for WebGL target not found
Refreshing native plugins compatible for Editor in 0.36 ms, found 2 plugins.
Preloading 0 native plugins for Editor in 0.00 ms.
Mono: successfully reloaded assembly
- Completed reload, in  0.818 seconds
Platform modules already initialized, skipping
Refreshing native plugins compatible for Editor in 0.33 ms, found 2 plugins.
Preloading 0 native plugins for Editor in 0.00 ms.
Unloading 1395 Unused Serialized files (Serialized files now loaded: 0)
System memory in use before: 68.5 MB.
System memory in use after: 68.6 MB.

Unloading 14 unused Assets to reduce memory usage. Loaded Objects now: 1934.
Total: 1.951300 ms (FindLiveObjects: 0.168300 ms CreateObjectMapping: 0.039800 ms MarkObjects: 1.691500 ms  DeleteObjects: 0.050800 ms)

========================================================================
Received Prepare
Registering precompiled user dll's ...
Registered in 0.003081 seconds.
Begin MonoManager ReloadAssembly
Native extension for WindowsStandalone target not found
Native extension for OSXStandalone target not found
Native extension for WebGL target not found
Refreshing native plugins compatible for Editor in 0.31 ms, found 2 plugins.
Preloading 0 native plugins for Editor in 0.00 ms.
Mono: successfully reloaded assembly
- Completed reload, in  0.727 seconds
Platform modules already initialized, skipping
Refreshing native plugins compatible for Editor in 0.31 ms, found 2 plugins.
Preloading 0 native plugins for Editor in 0.00 ms.
Unloading 1395 Unused Serialized files (Serialized files now loaded: 0)
System memory in use before: 68.5 MB.
System memory in use after: 68.6 MB.

Unloading 14 unused Assets to reduce memory usage. Loaded Objects now: 1937.
Total: 3.606800 ms (FindLiveObjects: 0.551900 ms CreateObjectMapping: 0.108800 ms MarkObjects: 2.887000 ms  DeleteObjects: 0.057800 ms)

========================================================================
Received Import Request.
  Time since last request: 341.833355 seconds.
  path: Assets/WinDoor.mat
  artifactKey: Guid(ddee65f90b55b3743a73f290d3b59d21) Importer(815301076,1909f56bfc062723c751e8b465ee728b)
Start importing Assets/WinDoor.mat using Guid(ddee65f90b55b3743a73f290d3b59d21) Importer(815301076,1909f56bfc062723c751e8b465ee728b)  -> (artifact id: '811651e4fbbd63c3bbb5ef1e137d0de0') in 0.051271 seconds
  Import took 0.053914 seconds .

========================================================================
Received Import Request.
  Time since last request: 144.178049 seconds.
  path: Assets/KeyScript.cs
  artifactKey: Guid(b5b5d19202414bd4ea0e6ad1f8fa456c) Importer(815301076,1909f56bfc062723c751e8b465ee728b)
Start importing Assets/KeyScript.cs using Guid(b5b5d19202414bd4ea0e6ad1f8fa456c) Importer(815301076,1909f56bfc062723c751e8b465ee728b)  -> (artifact id: 'e4323c9b3c2c147c3a4fc3bbe0fa4790') in 0.002157 seconds
  Import took 0.005202 seconds .

========================================================================
Received Import Request.
  Time since last request: 0.003449 seconds.
  path: Assets/KeyScript.cs
  artifactKey: Guid(b5b5d19202414bd4ea0e6ad1f8fa456c) Importer(815301076,1909f56bfc062723c751e8b465ee728b)
Start importing Assets/KeyScript.cs using Guid(b5b5d19202414bd4ea0e6ad1f8fa456c) Importer(815301076,1909f56bfc062723c751e8b465ee728b)  -> (artifact id: 'e4323c9b3c2c147c3a4fc3bbe0fa4790') in 0.002366 seconds
  Import took 0.004944 seconds .

========================================================================
Received Prepare
Registering precompiled user dll's ...
Registered in 0.003003 seconds.
Begin MonoManager ReloadAssembly
Native extension for WindowsStandalone target not found
Native extension for OSXStandalone target not found
Native extension for WebGL target not found
Refreshing native plugins compatible for Editor in 0.35 ms, found 2 plugins.
Preloading 0 native plugins for Editor in 0.00 ms.
Mono: successfully reloaded assembly
- Completed reload, in  0.735 seconds
Platform modules already initialized, skipping
Refreshing native plugins compatible for Editor in 0.32 ms, found 2 plugins.
Preloading 0 native plugins for Editor in 0.00 ms.
Unloading 1395 Unused Serialized files (Serialized files now loaded: 0)
System memory in use before: 68.5 MB.
System memory in use after: 68.6 MB.

Unloading 14 unused Assets to reduce memory usage. Loaded Objects now: 1941.
Total: 2.030600 ms (FindLiveObjects: 0.196300 ms CreateObjectMapping: 0.039000 ms MarkObjects: 1.741300 ms  DeleteObjects: 0.053000 ms)

========================================================================
Received Import Request.
  Time since last request: 34.935751 seconds.
  path: Assets/KeyMat.mat
  artifactKey: Guid(e40020a1ebb46be46bdbc46178394110) Importer(815301076,1909f56bfc062723c751e8b465ee728b)
Start importing Assets/KeyMat.mat using Guid(e40020a1ebb46be46bdbc46178394110) Importer(815301076,1909f56bfc062723c751e8b465ee728b)  -> (artifact id: '32011921c0d464156522634fc2245e9c') in 0.043980 seconds
  Import took 0.046160 seconds .

========================================================================
Received Import Request.
  Time since last request: 0.000160 seconds.
  path: Assets/NewDoorMat.mat
  artifactKey: Guid(7dc62ffc3ef8a6d44b6124d5794f18fe) Importer(815301076,1909f56bfc062723c751e8b465ee728b)
Start importing Assets/NewDoorMat.mat using Guid(7dc62ffc3ef8a6d44b6124d5794f18fe) Importer(815301076,1909f56bfc062723c751e8b465ee728b)  -> (artifact id: '7458d2b0439b31850a876ddefbfdb28b') in 0.013416 seconds
  Import took 0.015636 seconds .

========================================================================
Received Import Request.
  Time since last request: 0.000166 seconds.
  path: Assets/WinDoor.mat
  artifactKey: Guid(ddee65f90b55b3743a73f290d3b59d21) Importer(815301076,1909f56bfc062723c751e8b465ee728b)
Start importing Assets/WinDoor.mat using Guid(ddee65f90b55b3743a73f290d3b59d21) Importer(815301076,1909f56bfc062723c751e8b465ee728b)  -> (artifact id: '7aebdf35190fc167c7b6b0a59b7d689c') in 0.010015 seconds
  Import took 0.012309 seconds .

========================================================================
Received Import Request.
  Time since last request: 9.801562 seconds.
  path: Assets/asset.unity
  artifactKey: Guid(20f31876d0e467f4c8ed6518badf8a5b) Importer(815301076,1909f56bfc062723c751e8b465ee728b)
Start importing Assets/asset.unity using Guid(20f31876d0e467f4c8ed6518badf8a5b) Importer(815301076,1909f56bfc062723c751e8b465ee728b)  -> (artifact id: '111a744441abcc9316a5155d8b46169b') in 0.006532 seconds
  Import took 0.008985 seconds .

========================================================================
Received Import Request.
  Time since last request: 0.012564 seconds.
  path: Assets/asset.unity
  artifactKey: Guid(20f31876d0e467f4c8ed6518badf8a5b) Importer(815301076,1909f56bfc062723c751e8b465ee728b)
Start importing Assets/asset.unity using Guid(20f31876d0e467f4c8ed6518badf8a5b) Importer(815301076,1909f56bfc062723c751e8b465ee728b)  -> (artifact id: '111a744441abcc9316a5155d8b46169b') in 0.002324 seconds
  Import took 0.004961 seconds .

========================================================================
Received Import Request.
  Time since last request: 3.498032 seconds.
  path: Assets/RussianPrison.unity
  artifactKey: Guid(20f31876d0e467f4c8ed6518badf8a5b) Importer(815301076,1909f56bfc062723c751e8b465ee728b)
Start importing Assets/RussianPrison.unity using Guid(20f31876d0e467f4c8ed6518badf8a5b) Importer(815301076,1909f56bfc062723c751e8b465ee728b)  -> (artifact id: '49f50e80e00d924d5843cd5479a03cbb') in 0.002379 seconds
  Import took 0.004753 seconds .

========================================================================
Received Import Request.
  Time since last request: 5.452605 seconds.
  path: Assets/Scenes/RussianPrison.unity
  artifactKey: Guid(20f31876d0e467f4c8ed6518badf8a5b) Importer(815301076,1909f56bfc062723c751e8b465ee728b)
Start importing Assets/Scenes/RussianPrison.unity using Guid(20f31876d0e467f4c8ed6518badf8a5b) Importer(815301076,1909f56bfc062723c751e8b465ee728b)  -> (artifact id: '1fbc595213299f42d20ade5d1420a8e6') in 0.002336 seconds
  Import took 0.004585 seconds .

========================================================================
Received Import Request.
  Time since last request: 12.319050 seconds.
  path: Assets/Prefabs/RigidBodyFPSController.prefab
  artifactKey: Guid(f676ba2bb5466d248b2132dda9eb7e83) Importer(815301076,1909f56bfc062723c751e8b465ee728b)
Start importing Assets/Prefabs/RigidBodyFPSController.prefab using Guid(f676ba2bb5466d248b2132dda9eb7e83) Importer(815301076,1909f56bfc062723c751e8b465ee728b)  -> (artifact id: '462ce87a0808ea997e08ebfe2aab7c64') in 0.013762 seconds
  Import took 0.016400 seconds .

========================================================================
Received Import Request.
  Time since last request: 21.344913 seconds.
  path: Assets/Materials
  artifactKey: Guid(416ded07aa6d963428eeab20551cc8b8) Importer(815301076,1909f56bfc062723c751e8b465ee728b)
Start importing Assets/Materials using Guid(416ded07aa6d963428eeab20551cc8b8) Importer(815301076,1909f56bfc062723c751e8b465ee728b)  -> (artifact id: '29c1c415fa8e10b97da0f65b6dd50915') in 0.006198 seconds
  Import took 0.008689 seconds .

========================================================================
Received Import Request.
  Time since last request: 41.346083 seconds.
  path: Assets/Materials/2021-08-23T115144Z_1639512487_RC2ZAP9LLN80_RTRMADP_3_RUSSIA-DEFENCE-PUTIN (1).mat
  artifactKey: Guid(3d74af6b030b73a489fafb41b87ce346) Importer(815301076,1909f56bfc062723c751e8b465ee728b)
Start importing Assets/Materials/2021-08-23T115144Z_1639512487_RC2ZAP9LLN80_RTRMADP_3_RUSSIA-DEFENCE-PUTIN (1).mat using Guid(3d74af6b030b73a489fafb41b87ce346) Importer(815301076,1909f56bfc062723c751e8b465ee728b)  -> (artifact id: 'd3f2bcef56d170558c03c1e6a26b9f47') in 0.012949 seconds
  Import took 0.015442 seconds .

========================================================================
Received Prepare
Registering precompiled user dll's ...
Registered in 0.003944 seconds.
Begin MonoManager ReloadAssembly
Native extension for WindowsStandalone target not found
Native extension for OSXStandalone target not found
Native extension for WebGL target not found
Refreshing native plugins compatible for Editor in 0.36 ms, found 2 plugins.
Preloading 0 native plugins for Editor in 0.00 ms.
Mono: successfully reloaded assembly
- Completed reload, in  0.893 seconds
Platform modules already initialized, skipping
Refreshing native plugins compatible for Editor in 0.35 ms, found 2 plugins.
Preloading 0 native plugins for Editor in 0.00 ms.
Unloading 1395 Unused Serialized files (Serialized files now loaded: 0)
System memory in use before: 68.6 MB.
System memory in use after: 68.7 MB.

Unloading 14 unused Assets to reduce memory usage. Loaded Objects now: 1945.
Total: 2.059600 ms (FindLiveObjects: 0.176200 ms CreateObjectMapping: 0.041000 ms MarkObjects: 1.786500 ms  DeleteObjects: 0.054700 ms)

========================================================================
Received Import Request.
  Time since last request: 248.832928 seconds.
  path: Assets/Prefabs
  artifactKey: Guid(5a6fee3d62204ef4a9abe7087f080b22) Importer(815301076,1909f56bfc062723c751e8b465ee728b)
Start importing Assets/Prefabs using Guid(5a6fee3d62204ef4a9abe7087f080b22) Importer(815301076,1909f56bfc062723c751e8b465ee728b)  -> (artifact id: 'a2bbbb0f8cfcfce28e30e4c3e0831863') in 0.009081 seconds
  Import took 0.011458 seconds .

========================================================================
Received Import Request.
  Time since last request: 3.870590 seconds.
  path: Assets/Standard Assets
  artifactKey: Guid(775c62e895b68514f8ce3be1d921385a) Importer(815301076,1909f56bfc062723c751e8b465ee728b)
Start importing Assets/Standard Assets using Guid(775c62e895b68514f8ce3be1d921385a) Importer(815301076,1909f56bfc062723c751e8b465ee728b)  -> (artifact id: '8b73416f3582e8e5d6066851cff5921b') in 0.006357 seconds
  Import took 0.008754 seconds .

========================================================================
Received Import Request.
  Time since last request: 109.191868 seconds.
  path: Assets/Prefabs/asset.unity
  artifactKey: Guid(5f2f2576f110a8b45b564afd79ba3a61) Importer(815301076,1909f56bfc062723c751e8b465ee728b)
Start importing Assets/Prefabs/asset.unity using Guid(5f2f2576f110a8b45b564afd79ba3a61) Importer(815301076,1909f56bfc062723c751e8b465ee728b)  -> (artifact id: 'c0532c7b31d01ac4af7c9eaaad64334d') in 0.008850 seconds
  Import took 0.011792 seconds .

========================================================================
Received Prepare
Registering precompiled user dll's ...
Registered in 0.003115 seconds.
Begin MonoManager ReloadAssembly
Native extension for WindowsStandalone target not found
Native extension for OSXStandalone target not found
Native extension for WebGL target not found
Refreshing native plugins compatible for Editor in 0.31 ms, found 2 plugins.
Preloading 0 native plugins for Editor in 0.00 ms.
Mono: successfully reloaded assembly
- Completed reload, in  0.689 seconds
Platform modules already initialized, skipping
Refreshing native plugins compatible for Editor in 0.37 ms, found 2 plugins.
Preloading 0 native plugins for Editor in 0.00 ms.
Unloading 1395 Unused Serialized files (Serialized files now loaded: 0)
System memory in use before: 68.6 MB.
System memory in use after: 68.7 MB.

Unloading 14 unused Assets to reduce memory usage. Loaded Objects now: 1948.
Total: 1.987100 ms (FindLiveObjects: 0.240600 ms CreateObjectMapping: 0.036400 ms MarkObjects: 1.654800 ms  DeleteObjects: 0.054000 ms)

========================================================================
Received Import Request.
  Time since last request: 34.272785 seconds.
  path: Assets/Prefabs/MainScene.unity
  artifactKey: Guid(5f2f2576f110a8b45b564afd79ba3a61) Importer(815301076,1909f56bfc062723c751e8b465ee728b)
Start importing Assets/Prefabs/MainScene.unity using Guid(5f2f2576f110a8b45b564afd79ba3a61) Importer(815301076,1909f56bfc062723c751e8b465ee728b)  -> (artifact id: 'b32db9352bb6d9cdf07d698006b93658') in 0.011957 seconds
  Import took 0.014752 seconds .

========================================================================
Received Prepare
Registering precompiled user dll's ...
Registered in 0.002967 seconds.
Begin MonoManager ReloadAssembly
Native extension for WindowsStandalone target not found
Native extension for OSXStandalone target not found
Native extension for WebGL target not found
Refreshing native plugins compatible for Editor in 0.33 ms, found 2 plugins.
Preloading 0 native plugins for Editor in 0.00 ms.
Mono: successfully reloaded assembly
- Completed reload, in  0.700 seconds
Platform modules already initialized, skipping
Refreshing native plugins compatible for Editor in 0.31 ms, found 2 plugins.
Preloading 0 native plugins for Editor in 0.00 ms.
Unloading 1395 Unused Serialized files (Serialized files now loaded: 0)
System memory in use before: 68.6 MB.
System memory in use after: 68.7 MB.

Unloading 14 unused Assets to reduce memory usage. Loaded Objects now: 1951.
Total: 1.764500 ms (FindLiveObjects: 0.173400 ms CreateObjectMapping: 0.029500 ms MarkObjects: 1.513000 ms  DeleteObjects: 0.047600 ms)

========================================================================
Received Import Request.
  Time since last request: 975.154883 seconds.
  path: Assets/Scenes/WinScreen.unity
  artifactKey: Guid(485f83425a7da3d4695e7b451bde9d5d) Importer(815301076,1909f56bfc062723c751e8b465ee728b)
Start importing Assets/Scenes/WinScreen.unity using Guid(485f83425a7da3d4695e7b451bde9d5d) Importer(815301076,1909f56bfc062723c751e8b465ee728b)  -> (artifact id: '970535611958909c0c18eb84d42a7530') in 0.014651 seconds
  Import took 0.016892 seconds .

========================================================================
Received Prepare
Registering precompiled user dll's ...
Registered in 0.004485 seconds.
Begin MonoManager ReloadAssembly
Native extension for WindowsStandalone target not found
Native extension for OSXStandalone target not found
Native extension for WebGL target not found
Refreshing native plugins compatible for Editor in 0.32 ms, found 2 plugins.
Preloading 0 native plugins for Editor in 0.00 ms.
Mono: successfully reloaded assembly
- Completed reload, in  0.753 seconds
Platform modules already initialized, skipping
Refreshing native plugins compatible for Editor in 0.33 ms, found 2 plugins.
Preloading 0 native plugins for Editor in 0.00 ms.
Unloading 1395 Unused Serialized files (Serialized files now loaded: 0)
System memory in use before: 68.6 MB.
System memory in use after: 68.7 MB.

Unloading 14 unused Assets to reduce memory usage. Loaded Objects now: 1954.
Total: 2.513000 ms (FindLiveObjects: 0.236300 ms CreateObjectMapping: 0.062800 ms MarkObjects: 2.151700 ms  DeleteObjects: 0.060700 ms)

========================================================================
Received Prepare
Registering precompiled user dll's ...
Registered in 0.004064 seconds.
Begin MonoManager ReloadAssembly
Native extension for WindowsStandalone target not found
Native extension for OSXStandalone target not found
Native extension for WebGL target not found
Refreshing native plugins compatible for Editor in 0.50 ms, found 2 plugins.
Preloading 0 native plugins for Editor in 0.00 ms.
Mono: successfully reloaded assembly
- Completed reload, in  0.823 seconds
Platform modules already initialized, skipping
Refreshing native plugins compatible for Editor in 0.32 ms, found 2 plugins.
Preloading 0 native plugins for Editor in 0.00 ms.
Unloading 1395 Unused Serialized files (Serialized files now loaded: 0)
System memory in use before: 68.6 MB.
System memory in use after: 68.7 MB.

Unloading 14 unused Assets to reduce memory usage. Loaded Objects now: 1957.
Total: 2.216100 ms (FindLiveObjects: 0.237700 ms CreateObjectMapping: 0.075200 ms MarkObjects: 1.837400 ms  DeleteObjects: 0.064600 ms)

========================================================================
Received Import Request.
  Time since last request: 423.623233 seconds.
  path: Assets/Amatic-Bold.ttf
  artifactKey: Guid(c5f9e683d11ec56449d86515edb6de32) Importer(815301076,1909f56bfc062723c751e8b465ee728b)
Start importing Assets/Amatic-Bold.ttf using Guid(c5f9e683d11ec56449d86515edb6de32) Importer(815301076,1909f56bfc062723c751e8b465ee728b)  -> (artifact id: '0dac9324443720fcb6829b99da112d95') in 0.079261 seconds
  Import took 0.082632 seconds .

========================================================================
Received Prepare
Registering precompiled user dll's ...
Registered in 0.002974 seconds.
Begin MonoManager ReloadAssembly
Native extension for WindowsStandalone target not found
Native extension for OSXStandalone target not found
Native extension for WebGL target not found
Refreshing native plugins compatible for Editor in 0.41 ms, found 2 plugins.
Preloading 0 native plugins for Editor in 0.00 ms.
Mono: successfully reloaded assembly
- Completed reload, in  0.746 seconds
Platform modules already initialized, skipping
Refreshing native plugins compatible for Editor in 0.35 ms, found 2 plugins.
Preloading 0 native plugins for Editor in 0.00 ms.
Unloading 1396 Unused Serialized files (Serialized files now loaded: 0)
System memory in use before: 68.8 MB.
System memory in use after: 68.8 MB.

Unloading 14 unused Assets to reduce memory usage. Loaded Objects now: 1966.
Total: 1.904300 ms (FindLiveObjects: 0.182200 ms CreateObjectMapping: 0.036100 ms MarkObjects: 1.636400 ms  DeleteObjects: 0.048400 ms)

========================================================================
Received Import Request.
  Time since last request: 41.400883 seconds.
  path: Assets/WinScript.cs
  artifactKey: Guid(9e2c0e7a27b6edd4e88cedc806b4f99d) Importer(815301076,1909f56bfc062723c751e8b465ee728b)
Start importing Assets/WinScript.cs using Guid(9e2c0e7a27b6edd4e88cedc806b4f99d) Importer(815301076,1909f56bfc062723c751e8b465ee728b)  -> (artifact id: '19d406f2a8044566769b836199b69494') in 0.008312 seconds
  Import took 0.010564 seconds .

========================================================================
Received Prepare
Registering precompiled user dll's ...
Registered in 0.002935 seconds.
Begin MonoManager ReloadAssembly
Native extension for WindowsStandalone target not found
Native extension for OSXStandalone target not found
Native extension for WebGL target not found
Refreshing native plugins compatible for Editor in 0.32 ms, found 2 plugins.
Preloading 0 native plugins for Editor in 0.00 ms.
Mono: successfully reloaded assembly
- Completed reload, in  0.724 seconds
Platform modules already initialized, skipping
Refreshing native plugins compatible for Editor in 0.33 ms, found 2 plugins.
Preloading 0 native plugins for Editor in 0.00 ms.
Unloading 1396 Unused Serialized files (Serialized files now loaded: 0)
System memory in use before: 68.8 MB.
System memory in use after: 68.8 MB.

Unloading 14 unused Assets to reduce memory usage. Loaded Objects now: 1969.
Total: 1.816700 ms (FindLiveObjects: 0.180300 ms CreateObjectMapping: 0.030400 ms MarkObjects: 1.554700 ms  DeleteObjects: 0.050200 ms)

========================================================================
Received Prepare
Registering precompiled user dll's ...
Registered in 0.003010 seconds.
Begin MonoManager ReloadAssembly
Native extension for WindowsStandalone target not found
Native extension for OSXStandalone target not found
Native extension for WebGL target not found
Refreshing native plugins compatible for Editor in 0.33 ms, found 2 plugins.
Preloading 0 native plugins for Editor in 0.00 ms.
Mono: successfully reloaded assembly
- Completed reload, in  0.694 seconds
Platform modules already initialized, skipping
Refreshing native plugins compatible for Editor in 0.30 ms, found 2 plugins.
Preloading 0 native plugins for Editor in 0.00 ms.
Unloading 1396 Unused Serialized files (Serialized files now loaded: 0)
System memory in use before: 68.8 MB.
System memory in use after: 68.9 MB.

Unloading 14 unused Assets to reduce memory usage. Loaded Objects now: 1972.
Total: 1.834500 ms (FindLiveObjects: 0.167500 ms CreateObjectMapping: 0.029100 ms MarkObjects: 1.585800 ms  DeleteObjects: 0.051100 ms)

========================================================================
Received Import Request.
  Time since last request: 42.476088 seconds.
  path: Assets/WinScript.cs
  artifactKey: Guid(9e2c0e7a27b6edd4e88cedc806b4f99d) Importer(815301076,1909f56bfc062723c751e8b465ee728b)
Start importing Assets/WinScript.cs using Guid(9e2c0e7a27b6edd4e88cedc806b4f99d) Importer(815301076,1909f56bfc062723c751e8b465ee728b)  -> (artifact id: 'e06a6e5e42bcc69f01cc1e63511017a2') in 0.003949 seconds
  Import took 0.006380 seconds .

========================================================================
Received Import Request.
  Time since last request: 23.483997 seconds.
  path: Assets/KeyScript.cs
  artifactKey: Guid(b5b5d19202414bd4ea0e6ad1f8fa456c) Importer(815301076,1909f56bfc062723c751e8b465ee728b)
Start importing Assets/KeyScript.cs using Guid(b5b5d19202414bd4ea0e6ad1f8fa456c) Importer(815301076,1909f56bfc062723c751e8b465ee728b)  -> (artifact id: 'c9922e9b1bcee1509f14c2b4c1fdae93') in 0.001873 seconds
  Import took 0.004418 seconds .

========================================================================
Received Import Request.
  Time since last request: 0.022884 seconds.
  path: Assets/KeyScript.cs
  artifactKey: Guid(b5b5d19202414bd4ea0e6ad1f8fa456c) Importer(815301076,1909f56bfc062723c751e8b465ee728b)
Start importing Assets/KeyScript.cs using Guid(b5b5d19202414bd4ea0e6ad1f8fa456c) Importer(815301076,1909f56bfc062723c751e8b465ee728b)  -> (artifact id: 'c9922e9b1bcee1509f14c2b4c1fdae93') in 0.002308 seconds
  Import took 0.004438 seconds .

========================================================================
Received Import Request.
  Time since last request: 4.742400 seconds.
  path: Assets/NewBehaviourScript.cs
  artifactKey: Guid(b63e36dffff938540aa71841af6aff93) Importer(815301076,1909f56bfc062723c751e8b465ee728b)
Start importing Assets/NewBehaviourScript.cs using Guid(b63e36dffff938540aa71841af6aff93) Importer(815301076,1909f56bfc062723c751e8b465ee728b)  -> (artifact id: 'e81c22a4915a3cde642df0518341e3f5') in 0.006028 seconds
  Import took 0.008761 seconds .

========================================================================
Received Prepare
Registering precompiled user dll's ...
Registered in 0.002942 seconds.
Begin MonoManager ReloadAssembly
Native extension for WindowsStandalone target not found
Native extension for OSXStandalone target not found
Native extension for WebGL target not found
Refreshing native plugins compatible for Editor in 0.48 ms, found 2 plugins.
Preloading 0 native plugins for Editor in 0.00 ms.
Mono: successfully reloaded assembly
- Completed reload, in  0.715 seconds
Platform modules already initialized, skipping
Refreshing native plugins compatible for Editor in 0.37 ms, found 2 plugins.
Preloading 0 native plugins for Editor in 0.00 ms.
Unloading 1397 Unused Serialized files (Serialized files now loaded: 0)
System memory in use before: 68.8 MB.
System memory in use after: 68.9 MB.

Unloading 14 unused Assets to reduce memory usage. Loaded Objects now: 1976.
Total: 2.046400 ms (FindLiveObjects: 0.215100 ms CreateObjectMapping: 0.031600 ms MarkObjects: 1.741600 ms  DeleteObjects: 0.056900 ms)

========================================================================
Received Prepare
Registering precompiled user dll's ...
Registered in 0.003076 seconds.
Begin MonoManager ReloadAssembly
Native extension for WindowsStandalone target not found
Native extension for OSXStandalone target not found
Native extension for WebGL target not found
Refreshing native plugins compatible for Editor in 0.31 ms, found 2 plugins.
Preloading 0 native plugins for Editor in 0.00 ms.
Mono: successfully reloaded assembly
- Completed reload, in  0.707 seconds
Platform modules already initialized, skipping
Refreshing native plugins compatible for Editor in 0.34 ms, found 2 plugins.
Preloading 0 native plugins for Editor in 0.00 ms.
Unloading 1396 Unused Serialized files (Serialized files now loaded: 0)
System memory in use before: 68.8 MB.
System memory in use after: 68.9 MB.

Unloading 15 unused Assets to reduce memory usage. Loaded Objects now: 1978.
Total: 1.901400 ms (FindLiveObjects: 0.168300 ms CreateObjectMapping: 0.030600 ms MarkObjects: 1.647500 ms  DeleteObjects: 0.053800 ms)

========================================================================
Received Import Request.
  Time since last request: 10.764731 seconds.
  path: Assets/Scripts
  artifactKey: Guid(d0108b4f47450134ebe3b35d3d929205) Importer(815301076,1909f56bfc062723c751e8b465ee728b)
Start importing Assets/Scripts using Guid(d0108b4f47450134ebe3b35d3d929205) Importer(815301076,1909f56bfc062723c751e8b465ee728b)  -> (artifact id: '5dc4ced9ff2584e8c3d5c5f29454e14e') in 0.007965 seconds
  Import took 0.010539 seconds .

========================================================================
Received Prepare
Registering precompiled user dll's ...
Registered in 0.003146 seconds.
Begin MonoManager ReloadAssembly
Native extension for WindowsStandalone target not found
Native extension for OSXStandalone target not found
Native extension for WebGL target not found
Refreshing native plugins compatible for Editor in 0.31 ms, found 2 plugins.
Preloading 0 native plugins for Editor in 0.00 ms.
Mono: successfully reloaded assembly
- Completed reload, in  0.714 seconds
Platform modules already initialized, skipping
Refreshing native plugins compatible for Editor in 0.31 ms, found 2 plugins.
Preloading 0 native plugins for Editor in 0.00 ms.
Unloading 1396 Unused Serialized files (Serialized files now loaded: 0)
System memory in use before: 68.8 MB.
System memory in use after: 68.9 MB.

Unloading 14 unused Assets to reduce memory usage. Loaded Objects now: 1981.
Total: 1.781700 ms (FindLiveObjects: 0.160600 ms CreateObjectMapping: 0.034800 ms MarkObjects: 1.538900 ms  DeleteObjects: 0.046600 ms)

========================================================================
Received Import Request.
  Time since last request: 8.338573 seconds.
  path: Assets/Fonts
  artifactKey: Guid(8234ee5bf9ed8d74c97ca31548b380e0) Importer(815301076,1909f56bfc062723c751e8b465ee728b)
Start importing Assets/Fonts using Guid(8234ee5bf9ed8d74c97ca31548b380e0) Importer(815301076,1909f56bfc062723c751e8b465ee728b)  -> (artifact id: '72d32b730578e718fb5a011b6b298247') in 0.008188 seconds
  Import took 0.010713 seconds .

========================================================================
Received Import Request.
  Time since last request: 0.001342 seconds.
  path: Assets/Fonts
  artifactKey: Guid(8234ee5bf9ed8d74c97ca31548b380e0) Importer(815301076,1909f56bfc062723c751e8b465ee728b)
Start importing Assets/Fonts using Guid(8234ee5bf9ed8d74c97ca31548b380e0) Importer(815301076,1909f56bfc062723c751e8b465ee728b)  -> (artifact id: '72d32b730578e718fb5a011b6b298247') in 0.001847 seconds
  Import took 0.003872 seconds .

========================================================================
Received Import Request.
  Time since last request: 6.968683 seconds.
  path: Assets/Scenes/MainScene.unity
  artifactKey: Guid(5f2f2576f110a8b45b564afd79ba3a61) Importer(815301076,1909f56bfc062723c751e8b465ee728b)
Start importing Assets/Scenes/MainScene.unity using Guid(5f2f2576f110a8b45b564afd79ba3a61) Importer(815301076,1909f56bfc062723c751e8b465ee728b)  -> (artifact id: '3ef28cd51181eec1de8d1dbc14f7e4c9') in 0.008067 seconds
  Import took 0.010560 seconds .

========================================================================
Received Prepare
Registering precompiled user dll's ...
Registered in 0.003019 seconds.
Begin MonoManager ReloadAssembly
Native extension for WindowsStandalone target not found
Native extension for OSXStandalone target not found
Native extension for WebGL target not found
Refreshing native plugins compatible for Editor in 0.32 ms, found 2 plugins.
Preloading 0 native plugins for Editor in 0.00 ms.
Mono: successfully reloaded assembly
- Completed reload, in  0.684 seconds
Platform modules already initialized, skipping
Refreshing native plugins compatible for Editor in 0.34 ms, found 2 plugins.
Preloading 0 native plugins for Editor in 0.00 ms.
Unloading 1396 Unused Serialized files (Serialized files now loaded: 0)
System memory in use before: 68.8 MB.
System memory in use after: 68.9 MB.

Unloading 14 unused Assets to reduce memory usage. Loaded Objects now: 1984.
Total: 1.954800 ms (FindLiveObjects: 0.165200 ms CreateObjectMapping: 0.030300 ms MarkObjects: 1.708300 ms  DeleteObjects: 0.050100 ms)

========================================================================
Received Import Request.
  Time since last request: 149.236776 seconds.
  path: Assets/Scenes/WinScreen.unity
  artifactKey: Guid(485f83425a7da3d4695e7b451bde9d5d) Importer(815301076,1909f56bfc062723c751e8b465ee728b)
Start importing Assets/Scenes/WinScreen.unity using Guid(485f83425a7da3d4695e7b451bde9d5d) Importer(815301076,1909f56bfc062723c751e8b465ee728b)  -> (artifact id: 'd5424a81acbafa1d5496fd857e422478') in 0.009163 seconds
  Import took 0.011668 seconds .

========================================================================
Received Import Request.
  Time since last request: 0.010708 seconds.
  path: Assets/Scenes/WinScreen.unity
  artifactKey: Guid(485f83425a7da3d4695e7b451bde9d5d) Importer(815301076,1909f56bfc062723c751e8b465ee728b)
Start importing Assets/Scenes/WinScreen.unity using Guid(485f83425a7da3d4695e7b451bde9d5d) Importer(815301076,1909f56bfc062723c751e8b465ee728b)  -> (artifact id: 'd5424a81acbafa1d5496fd857e422478') in 0.002108 seconds
  Import took 0.004454 seconds .

========================================================================
Received Prepare
Registering precompiled user dll's ...
Registered in 0.003664 seconds.
Begin MonoManager ReloadAssembly
Native extension for WindowsStandalone target not found
Native extension for OSXStandalone target not found
Native extension for WebGL target not found
Refreshing native plugins compatible for Editor in 0.46 ms, found 2 plugins.
Preloading 0 native plugins for Editor in 0.00 ms.
Mono: successfully reloaded assembly
- Completed reload, in  0.916 seconds
Platform modules already initialized, skipping
Refreshing native plugins compatible for Editor in 0.39 ms, found 2 plugins.
Preloading 0 native plugins for Editor in 0.00 ms.
Unloading 1396 Unused Serialized files (Serialized files now loaded: 0)
System memory in use before: 68.8 MB.
System memory in use after: 68.9 MB.

Unloading 14 unused Assets to reduce memory usage. Loaded Objects now: 1987.
Total: 2.355000 ms (FindLiveObjects: 0.179100 ms CreateObjectMapping: 0.038200 ms MarkObjects: 2.068300 ms  DeleteObjects: 0.068300 ms)

========================================================================
Received Prepare
Registering precompiled user dll's ...
Registered in 0.003655 seconds.
Begin MonoManager ReloadAssembly
Native extension for WindowsStandalone target not found
Native extension for OSXStandalone target not found
Native extension for WebGL target not found
Refreshing native plugins compatible for Editor in 0.40 ms, found 2 plugins.
Preloading 0 native plugins for Editor in 0.00 ms.
Mono: successfully reloaded assembly
- Completed reload, in  0.780 seconds
Platform modules already initialized, skipping
Refreshing native plugins compatible for Editor in 0.32 ms, found 2 plugins.
Preloading 0 native plugins for Editor in 0.00 ms.
Unloading 1396 Unused Serialized files (Serialized files now loaded: 0)
System memory in use before: 68.8 MB.
System memory in use after: 68.9 MB.

Unloading 14 unused Assets to reduce memory usage. Loaded Objects now: 1990.
Total: 1.850400 ms (FindLiveObjects: 0.167100 ms CreateObjectMapping: 0.032300 ms MarkObjects: 1.597400 ms  DeleteObjects: 0.052700 ms)

========================================================================
Received Import Request.
  Time since last request: 177.552398 seconds.
  path: Assets/Scenes/MainScene.unity
  artifactKey: Guid(5f2f2576f110a8b45b564afd79ba3a61) Importer(815301076,1909f56bfc062723c751e8b465ee728b)
Start importing Assets/Scenes/MainScene.unity using Guid(5f2f2576f110a8b45b564afd79ba3a61) Importer(815301076,1909f56bfc062723c751e8b465ee728b)  -> (artifact id: 'f10099c4ef8afa2774acd57654665a8f') in 0.010132 seconds
  Import took 0.013027 seconds .

========================================================================
Received Import Request.
  Time since last request: 0.015740 seconds.
  path: Assets/Scenes/MainScene.unity
  artifactKey: Guid(5f2f2576f110a8b45b564afd79ba3a61) Importer(815301076,1909f56bfc062723c751e8b465ee728b)
Start importing Assets/Scenes/MainScene.unity using Guid(5f2f2576f110a8b45b564afd79ba3a61) Importer(815301076,1909f56bfc062723c751e8b465ee728b)  -> (artifact id: 'f10099c4ef8afa2774acd57654665a8f') in 0.002119 seconds
  Import took 0.004561 seconds .

========================================================================
Received Prepare
Registering precompiled user dll's ...
Registered in 0.003972 seconds.
Begin MonoManager ReloadAssembly
Native extension for WindowsStandalone target not found
Native extension for OSXStandalone target not found
Native extension for WebGL target not found
Refreshing native plugins compatible for Editor in 0.36 ms, found 2 plugins.
Preloading 0 native plugins for Editor in 0.00 ms.
Mono: successfully reloaded assembly
- Completed reload, in  0.892 seconds
Platform modules already initialized, skipping
Refreshing native plugins compatible for Editor in 0.38 ms, found 2 plugins.
Preloading 0 native plugins for Editor in 0.00 ms.
Unloading 1396 Unused Serialized files (Serialized files now loaded: 0)
System memory in use before: 68.8 MB.
System memory in use after: 68.9 MB.

Unloading 14 unused Assets to reduce memory usage. Loaded Objects now: 1993.
Total: 2.236200 ms (FindLiveObjects: 0.218800 ms CreateObjectMapping: 0.045800 ms MarkObjects: 1.913100 ms  DeleteObjects: 0.057300 ms)

========================================================================
Received Prepare
Registering precompiled user dll's ...
Registered in 0.003815 seconds.
Begin MonoManager ReloadAssembly
Native extension for WindowsStandalone target not found
Native extension for OSXStandalone target not found
Native extension for WebGL target not found
Refreshing native plugins compatible for Editor in 0.35 ms, found 2 plugins.
Preloading 0 native plugins for Editor in 0.00 ms.
Mono: successfully reloaded assembly
- Completed reload, in  0.913 seconds
Platform modules already initialized, skipping
Refreshing native plugins compatible for Editor in 0.41 ms, found 2 plugins.
Preloading 0 native plugins for Editor in 0.00 ms.
Unloading 1396 Unused Serialized files (Serialized files now loaded: 0)
System memory in use before: 68.8 MB.
System memory in use after: 68.9 MB.

Unloading 14 unused Assets to reduce memory usage. Loaded Objects now: 1996.
Total: 2.630300 ms (FindLiveObjects: 0.201100 ms CreateObjectMapping: 0.062100 ms MarkObjects: 2.304900 ms  DeleteObjects: 0.060900 ms)

========================================================================
Received Prepare
Refreshing native plugins compatible for Editor in 3.32 ms, found 2 plugins.
Preloading 0 native plugins for Editor in 0.00 ms.
Unloading 12 Unused Serialized files (Serialized files now loaded: 0)
System memory in use before: 41.4 MB.
System memory in use after: 41.5 MB.

Unloading 12 unused Assets to reduce memory usage. Loaded Objects now: 1996.
Total: 2.794400 ms (FindLiveObjects: 0.202800 ms CreateObjectMapping: 0.045000 ms MarkObjects: 2.466100 ms  DeleteObjects: 0.078900 ms)

========================================================================
Received Prepare
Refreshing native plugins compatible for Editor in 3.07 ms, found 2 plugins.
Preloading 0 native plugins for Editor in 0.00 ms.
Unloading 12 Unused Serialized files (Serialized files now loaded: 0)
System memory in use before: 41.4 MB.
System memory in use after: 41.5 MB.

Unloading 12 unused Assets to reduce memory usage. Loaded Objects now: 1996.
Total: 2.211600 ms (FindLiveObjects: 0.194800 ms CreateObjectMapping: 0.037400 ms MarkObjects: 1.921100 ms  DeleteObjects: 0.057500 ms)

========================================================================
Received Prepare
Refreshing native plugins compatible for Editor in 5.07 ms, found 2 plugins.
Preloading 0 native plugins for Editor in 0.00 ms.
Unloading 12 Unused Serialized files (Serialized files now loaded: 0)
System memory in use before: 41.4 MB.
System memory in use after: 41.5 MB.

Unloading 12 unused Assets to reduce memory usage. Loaded Objects now: 1996.
Total: 4.826400 ms (FindLiveObjects: 0.436400 ms CreateObjectMapping: 0.056500 ms MarkObjects: 4.197900 ms  DeleteObjects: 0.133400 ms)

AssetImportWorkerClient::OnTransportError - code=2 error=End of file
